Added Component: Designator=SWD1(SH1_0X5P_WT)
Add component. Clean all parameters for all variants
Add component (AddParameter): Name = "LatestRevisionDate"; Value = "17-Jul-2002"; VariantName = "[No Variations]"
Add component (AddParameter): Name = "LatestRevisionNote"; Value = "Re-released for DXP Platform."; VariantName = "[No Variations]"
Add component (AddParameter): Name = "Publisher"; Value = "Altium Limited"; VariantName = "[No Variations]"
Added Component: Designator=SWD2(SH1_0X5P_WT)
Add component. Clean all parameters for all variants
Add component (AddParameter): Name = "LatestRevisionDate"; Value = "17-Jul-2002"; VariantName = "[No Variations]"
Add component (AddParameter): Name = "LatestRevisionNote"; Value = "Re-released for DXP Platform."; VariantName = "[No Variations]"
Add component (AddParameter): Name = "Publisher"; Value = "Altium Limited"; VariantName = "[No Variations]"
Added Pin To Net: NetName=3.3V Pin=SWD1-1
Added Pin To Net: NetName=RXD Pin=SWD1-2
Added Pin To Net: NetName=TXD Pin=SWD1-3
Added Pin To Net: NetName=GND Pin=SWD2-3
Added Pin To Net: NetName=CS Pin=SWD2-2
Added Pin To Net: NetName=CS Pin=U3-5
Added Net: Name=CS
Added Pin To Net: NetName=SET Pin=SWD2-1
Added Pin To Net: NetName=SET Pin=U3-4
Added Net: Name=SET
Added Member To Class: ClassName=WIRELESS_UART Member=Component SWD1 SWD
Added Member To Class: ClassName=WIRELESS_UART Member=Component SWD2 SWD
Added Room: Name=WIRELESS_UART
